<?xml version="1.0" encoding="UTF-8"?>
<!-- Generated by org.testng.reporters.JUnitReportReporter -->
<testsuite skipped="0" hostname="Admin-PC" name="MavenProject.MavenJavaPro.Rest" tests="2" failures="0" timestamp="2023-03-14T22:13:37 IST" time="0.017" errors="0">
  <testcase name="restAuto" time="0.014" classname="MavenProject.MavenJavaPro.Rest"/>
  <system-out/>
  <testcase name="restUI" time="0.003" classname="MavenProject.MavenJavaPro.Rest"/>
  <system-out/>
</testsuite> <!-- MavenProject.MavenJavaPro.Rest -->
