<?xml version="1.0" encoding="UTF-8"?>
<!-- Generated by org.testng.reporters.JUnitReportReporter -->
<testsuite skipped="0" hostname="Admin-PC" name="MavenProject.MavenJavaPro.Mobile" tests="2" failures="0" timestamp="2023-03-14T22:13:21 IST" time="0.074" errors="0">
  <testcase name="mobileAuto" time="0.071" classname="MavenProject.MavenJavaPro.Mobile"/>
  <system-out/>
  <testcase name="mobileUI" time="0.003" classname="MavenProject.MavenJavaPro.Mobile"/>
  <system-out/>
</testsuite> <!-- MavenProject.MavenJavaPro.Mobile -->
